<?xml version="1.0" encoding="UTF-8"?>
<!-- Generated by org.testng.reporters.JUnitReportReporter -->
<testsuite skipped="0" hostname="DESKTOP-GMM823K" name="openWeather.WeatherForecastOfMajorCities" tests="2" failures="0" timestamp="2020-06-11T17:30:26 IST" time="10.141" errors="0">
  <testcase name="getMajorCitiesWithRainHaze" time="8.771" classname="openWeather.WeatherForecastOfMajorCities"/>
  <testcase name="getRainVolumeMumbai" time="1.370" classname="openWeather.WeatherForecastOfMajorCities"/>
</testsuite> <!-- openWeather.WeatherForecastOfMajorCities -->
