<?xml version="1.0" encoding="UTF-8"?>
<!-- Generated by org.testng.reporters.JUnitReportReporter -->
<testsuite skipped="0" hostname="DESKTOP-GMM823K" name="bestBuy.GetProductAndStoreDetails" tests="4" failures="0" timestamp="2020-06-12T03:44:04 IST" time="11.696" errors="0">
  <testcase name="GetStoreDetailsNearPostalCode" time="5.133" classname="bestBuy.GetProductAndStoreDetails"/>
  <testcase name="iPhone11Pro" time="2.319" classname="bestBuy.GetProductAndStoreDetails"/>
  <testcase name="canonProducts" time="2.292" classname="bestBuy.GetProductAndStoreDetails"/>
  <testcase name="storeFinderWithPickup" time="1.952" classname="bestBuy.GetProductAndStoreDetails"/>
</testsuite> <!-- bestBuy.GetProductAndStoreDetails -->
