<?xml version="1.0" encoding="UTF-8"?>
<!-- Generated by org.testng.reporters.JUnitReportReporter -->
<testsuite skipped="0" hostname="DESKTOP-GMM823K" name="openWeather.WeatherForecastOfMajorCities2" tests="2" failures="0" timestamp="2020-06-11T17:28:15 IST" time="9.983" errors="0">
  <testcase name="getMajorCitiesWithRainHaze" time="8.533" classname="openWeather.WeatherForecastOfMajorCities2"/>
  <testcase name="getRainVolumeMumbai" time="1.450" classname="openWeather.WeatherForecastOfMajorCities2"/>
</testsuite> <!-- openWeather.WeatherForecastOfMajorCities2 -->
