<?xml version="1.0" encoding="UTF-8"?>
<!-- Generated by org.testng.reporters.JUnitReportReporter -->
<testsuite skipped="0" hostname="DESKTOP-GMM823K" name="openWeather.WeatherForecastOfMajorCities3" tests="1" failures="0" timestamp="2020-06-09T02:20:28 IST" time="0.020" errors="0">
  <testcase name="getMajorCities" time="0.020" classname="openWeather.WeatherForecastOfMajorCities3"/>
</testsuite> <!-- openWeather.WeatherForecastOfMajorCities3 -->
